1024	3929089.200000
1028	3928520.300000
1032	3912532.950000
1036	3911653.900000
1040	3928382.500000
1044	3929047.100000
1048	3911593.500000
1052	3910813.250000
1056	3929022.650000
1060	3928765.250000
1064	3913072.400000
1068	3910872.850000
1072	3928619.450000
1076	3928415.850000
1080	3912908.800000
1084	3912211.650000
1088	3930335.900000
1092	3927978.600000
1096	3912182.000000
1100	3912090.450000
1104	3929400.300000
1108	3928511.400000
1112	3912579.550000
1116	3914636.050000
1120	3929957.050000
1124	3928904.550000
1128	3914166.000000
1132	3909500.850000
1136	3930273.600000
1140	3928321.250000
1144	3912702.350000
1148	3911873.950000
1152	3926918.400000
1156	3930296.950000
1160	3910778.800000
1164	3909018.000000
1168	3927536.650000
1172	3925794.100000
1176	3917203.950000
1180	3917247.350000
1184	3936525.000000
1188	3936888.350000
1192	3920653.950000
1196	3915293.850000
1200	3932406.850000
1204	3931925.700000
1208	3918404.100000
1212	3914859.150000
1216	3933617.650000
1220	3933188.650000
1224	3920520.200000
1228	3917450.100000
1232	3932314.300000
1236	3934497.800000
1240	3915932.450000
1244	3918777.400000
1248	3932230.350000
1252	3935981.450000
1256	3913667.950000
1260	3919088.450000
1264	3934458.750000
1268	3936949.200000
1272	3917056.200000
1276	3916036.800000
1280	3933579.050000
1284	3936052.900000
1288	3917945.450000
1292	3919815.850000
1296	3934127.350000
1300	3934253.300000
1304	3917934.550000
1308	3918393.750000
1312	3934727.100000
1316	3932231.700000
1320	3917472.850000
1324	3917046.050000
1328	3932206.650000
1332	3932291.900000
1336	3916440.650000
1340	3915345.300000
1344	3934215.250000
1348	3932048.150000
1352	3917202.950000
1356	3917869.750000
1360	3933251.200000
1364	3932568.800000
1368	3916977.600000
1372	3916292.750000
1376	3933796.100000
1380	3932580.050000
1384	3917402.800000
1388	3916875.900000
1392	3932023.850000
1396	3931954.100000
1400	3915723.250000
1404	3915439.350000
1408	3934011.950000
1412	3935067.750000
1416	3916885.500000
1420	3915853.950000
1424	3932933.100000
1428	3932353.600000
1432	3916351.950000
1436	3914561.000000
1440	3932547.700000
1444	3933031.800000
1448	3916270.000000
1452	3917096.450000
1456	3934009.300000
1460	3930988.250000
1464	3915021.550000
1468	3915164.750000
1472	3932148.450000
1476	3932072.850000
1480	3914347.600000
1484	3915954.450000
1488	3930428.200000
1492	3932251.050000
1496	3914438.050000
1500	3915630.050000
1504	3930996.650000
1508	3931347.500000
1512	3915208.950000
1516	3913894.900000
1520	3932505.150000
1524	3932042.750000
1528	3912788.400000
1532	3913504.500000
1536	3931581.950000
1540	3931595.800000
1544	3915470.700000
1548	3914208.050000
1552	3930094.400000
1556	3932815.200000
1560	3914073.600000
1564	3915829.650000
1568	3931283.350000
1572	3931976.350000
1576	3914763.800000
1580	3914257.150000
1584	3931145.650000
1588	3932973.550000
1592	3914230.350000
1596	3914612.900000
1600	3931665.700000
1604	3931865.850000
1608	3914280.700000
1612	3916248.750000
1616	3930030.800000
1620	3931559.250000
1624	3912958.350000
1628	3916201.950000
1632	3933197.650000
1636	3933045.050000
1640	3915763.050000
1644	3913575.600000
1648	3930754.100000
1652	3931724.150000
1656	3914252.700000
1660	3911583.200000
1664	3929648.400000
1668	3929842.850000
1672	3912821.700000
1676	3913332.500000
1680	3930013.800000
1684	3930098.350000
1688	3912398.400000
1692	3913211.250000
1696	3929444.150000
1700	3929639.650000
1704	3914192.250000
1708	3912381.200000
1712	3928902.350000
1716	3929178.950000
1720	3913102.150000
1724	3912888.450000
1728	3930631.550000
1732	3929293.800000
1736	3912886.000000
1740	3911792.700000
1744	3929898.550000
1748	3928500.250000
1752	3914568.600000
1756	3912732.850000
1760	3929473.050000
1764	3929835.350000
1768	3912631.350000
1772	3913169.900000
1776	3930053.750000
1780	3929367.750000
1784	3911974.700000
1788	3912236.050000
1792	3930097.700000
1796	3929020.850000
1800	3912354.850000
1804	3913325.300000
1808	3928429.050000
1812	3929516.050000
1816	3912112.950000
1820	3913622.400000
1824	3929503.450000
1828	3928855.500000
1832	3914732.450000
1836	3912181.100000
1840	3928844.200000
1844	3928962.450000
1848	3913142.100000
1852	3911500.300000
1856	3929057.100000
1860	3930036.700000
1864	3911802.800000
1868	3913173.800000
1872	3930969.050000
1876	3929736.300000
1880	3912859.450000
1884	3913093.350000
1888	3930185.700000
1892	3929738.900000
1896	3911417.900000
1900	3912194.650000
1904	3928575.550000
1908	3927940.150000
1912	3911622.600000
1916	3911314.100000
1920	3927490.150000
1924	3929383.850000
1928	3911644.600000
1932	3912275.150000
1936	3929073.000000
1940	3928557.300000
1944	3911827.000000
1948	3911462.350000
1952	3927528.550000
1956	3929464.050000
1960	3911451.150000
1964	3913161.350000
1968	3928691.250000
1972	3929037.750000
1976	3913599.850000
1980	3912531.850000
1984	3928687.000000
1988	3929898.300000
1992	3910783.600000
1996	3910726.600000
2000	3930158.700000
2004	3931051.000000
2008	3911430.850000
2012	3911909.400000
2016	3928457.650000
2020	3929711.350000
2024	3913174.000000
2028	3912899.800000
2032	3928755.450000
2036	3928301.050000
2040	3912353.650000
2044	3912565.900000
2048	3929129.200000
2052	3929101.050000
2056	3911986.950000
2060	3911852.900000
2064	3929256.600000
2068	3929961.000000
2072	3912664.850000
2076	3911587.850000
2080	3929342.400000
2084	3930967.900000
2088	3912339.600000
2092	3912562.700000
2096	3928670.250000
2100	3928414.650000
2104	3911704.550000
2108	3912237.000000
2112	3929000.550000
2116	3930645.400000
2120	3912864.250000
2124	3911844.250000
2128	3928672.950000
2132	3927956.450000
2136	3911811.050000
2140	3913959.450000
2144	3927814.900000
2148	3928470.650000
2152	3911289.000000
2156	3913671.450000
2160	3930677.250000
2164	3929365.550000
2168	3911679.900000
2172	3910587.050000
2176	3929151.450000
2180	3927532.350000
2184	3912749.750000
2188	3912268.700000
2192	3928777.950000
2196	3929926.150000
2200	3911447.650000
2204	3912039.500000
2208	3929229.300000
2212	3929089.450000
2216	3911924.650000
2220	3911204.200000
2224	3929882.700000
2228	3928749.800000
2232	3913086.950000
2236	3912280.000000
2240	3928681.400000
2244	3929137.400000
2248	3912916.450000
2252	3912842.550000
2256	3929845.850000
2260	3929381.250000
2264	3913345.050000
2268	3913704.400000
2272	3929927.300000
2276	3928956.900000
2280	3912615.000000
2284	3912435.550000
2288	3928610.450000
2292	3929268.950000
2296	3912520.900000
2300	3911379.850000
2304	3929587.700000
2308	3928519.900000
2312	3912265.700000
2316	3912551.300000
2320	3928962.700000
2324	3929323.750000
2328	3912898.650000
2332	3912456.000000
2336	3928983.200000
2340	3929007.100000
2344	3912691.650000
2348	3912498.100000
2352	3928731.900000
2356	3928855.650000
2360	3912760.000000
2364	3912759.650000
2368	3927482.100000
2372	3928381.400000
2376	3911697.350000
2380	3913070.350000
2384	3929908.250000
2388	3929849.000000
2392	3913439.950000
2396	3912652.400000
2400	3929475.050000
2404	3928574.900000
2408	3911770.300000
2412	3912399.300000
2416	3930190.050000
2420	3929777.350000
2424	3912855.000000
2428	3912250.050000
2432	3929985.750000
2436	3929170.300000
2440	3912783.650000
2444	3912366.700000
2448	3929484.950000
2452	3928557.700000
2456	3912927.000000
2460	3912560.650000
2464	3929018.100000
2468	3929154.250000
2472	3912871.650000
2476	3912290.550000
2480	3929357.550000
2484	3929333.650000
2488	3912168.150000
2492	3912208.400000
2496	3928986.400000
2500	3929325.850000
2504	3912445.350000
2508	3911793.700000
2512	3929891.300000
2516	3929430.850000
2520	3912353.200000
2524	3912674.050000
2528	3930207.700000
2532	3928718.850000
2536	3912379.200000
2540	3912515.800000
2544	3929885.550000
2548	3930156.250000
2552	3912541.150000
2556	3910813.400000
2560	3928960.350000
2564	3928999.800000
2568	3911535.500000
2572	3912476.500000
2576	3928585.100000
2580	3930062.650000
2584	3912273.550000
2588	3912722.400000
2592	3930310.500000
2596	3929631.700000
2600	3912714.800000
2604	3912559.600000
2608	3929607.450000
2612	3928878.300000
2616	3912465.150000
2620	3912391.750000
2624	3929271.550000
2628	3929530.750000
2632	3912014.950000
2636	3912575.500000
2640	3928381.500000
2644	3929701.850000
2648	3913232.250000
2652	3912027.650000
2656	3928791.550000
2660	3929221.250000
2664	3912575.050000
2668	3912588.800000
2672	3929500.900000
2676	3929108.850000
2680	3913297.100000
2684	3912239.250000
2688	3928866.050000
2692	3929366.550000
2696	3911435.200000
2700	3913127.850000
2704	3929945.550000
2708	3928436.200000
2712	3913621.100000
2716	3913665.600000
2720	3929997.150000
2724	3928923.550000
2728	3912838.100000
2732	3912644.000000
2736	3930035.450000
2740	3930790.100000
2744	3913334.150000
2748	3913902.600000
2752	3928978.850000
2756	3930095.400000
2760	3910901.700000
2764	3913218.050000
2768	3929851.250000
2772	3929333.300000
2776	3913723.650000
2780	3912451.350000
2784	3929215.350000
2788	3929722.200000
2792	3913286.650000
2796	3912529.200000
2800	3928980.100000
2804	3929126.700000
2808	3912356.500000
2812	3912606.200000
2816	3929193.700000
2820	3929527.200000
2824	3913475.600000
2828	3912885.950000
2832	3928210.000000
2836	3929284.800000
2840	3912235.850000
2844	3913197.750000
2848	3928740.100000
2852	3929348.850000
2856	3912540.650000
2860	3912333.250000
2864	3929721.300000
2868	3929261.750000
2872	3912254.000000
2876	3912807.850000
2880	3929567.550000
2884	3928867.500000
2888	3912293.900000
2892	3913847.650000
2896	3929252.850000
2900	3929189.350000
2904	3912426.400000
2908	3912888.450000
2912	3928721.200000
2916	3929358.550000
2920	3912700.250000
2924	3912791.950000
2928	3929893.250000
2932	3929346.400000
2936	3912834.550000
2940	3912863.750000
2944	3929566.100000
2948	3929620.550000
2952	3912808.200000
2956	3913285.700000
2960	3929485.300000
2964	3929102.200000
2968	3911971.000000
2972	3913034.650000
2976	3930043.750000
2980	3928448.050000
2984	3912012.250000
2988	3912904.300000
2992	3929072.350000
2996	3929929.350000
3000	3912921.100000
3004	3913524.250000
3008	3929674.350000
3012	3929096.000000
3016	3912804.050000
3020	3912589.150000
3024	3929448.650000
3028	3928786.900000
3032	3911587.650000
3036	3912169.450000
3040	3929901.000000
3044	3928863.200000
3048	3914047.850000
3052	3911975.450000
3056	3929262.200000
3060	3929567.300000
3064	3912771.750000
3068	3912539.350000
3072	3928641.050000
3076	3929600.200000
3080	3913406.900000
3084	3911492.250000
3088	3929010.450000
3092	3928844.200000
3096	3912229.050000
3100	3912340.700000
3104	3929727.500000
3108	3929288.950000
3112	3911813.350000
3116	3912758.450000
3120	3928839.900000
3124	3929211.000000
3128	3912924.750000
3132	3913106.750000
3136	3929119.600000
3140	3928674.400000
3144	3912133.400000
3148	3912366.350000
3152	3929956.550000
3156	3929229.100000
3160	3912837.950000
3164	3912203.100000
3168	3929760.450000
3172	3929348.900000
3176	3911889.900000
3180	3912435.650000
3184	3928569.050000
3188	3928883.500000
3192	3913093.650000
3196	3912230.350000
3200	3929355.500000
3204	3928519.150000
3208	3911003.350000
3212	3912993.750000
3216	3929840.950000
3220	3928916.050000
3224	3912909.050000
3228	3912064.100000
3232	3928624.600000
3236	3928412.700000
3240	3912606.450000
3244	3912990.100000
3248	3929323.000000
3252	3929544.400000
3256	3912264.350000
3260	3912366.200000
3264	3929581.300000
3268	3929232.100000
3272	3912867.700000
3276	3912676.600000
3280	3929595.400000
3284	3929586.000000
3288	3911930.650000
3292	3912720.600000
3296	3929003.600000
3300	3928575.150000
3304	3912505.850000
3308	3912948.850000
3312	3928306.300000
3316	3929373.700000
3320	3911884.050000
3324	3912123.400000
3328	3929731.100000
3332	3930143.000000
3336	3912623.350000
3340	3912257.800000
3344	3929856.950000
3348	3928637.850000
3352	3913130.050000
3356	3911784.550000
3360	3929192.750000
3364	3929861.100000
3368	3912786.000000
3372	3913458.600000
3376	3929001.950000
3380	3929624.900000
3384	3912216.700000
3388	3912694.950000
3392	3929726.800000
3396	3929166.700000
3400	3912802.200000
3404	3912490.300000
3408	3928963.500000
3412	3929292.000000
3416	3912658.600000
3420	3912453.100000
3424	3928994.550000
3428	3928853.450000
3432	3912759.700000
3436	3911914.700000
3440	3928501.850000
3444	3929592.100000
3448	3911284.950000
3452	3911732.150000
3456	3929523.000000
3460	3928275.750000
3464	3912349.600000
3468	3912674.950000
3472	3929484.750000
3476	3928424.250000
3480	3913185.200000
3484	3912521.000000
3488	3929814.500000
3492	3929081.650000
3496	3912892.000000
3500	3912203.300000
3504	3928885.100000
3508	3929778.400000
3512	3912318.850000
3516	3912325.500000
3520	3930433.650000
3524	3929662.400000
3528	3912031.800000
3532	3912632.950000
3536	3929494.950000
3540	3929510.000000
3544	3913166.650000
3548	3912572.400000
3552	3929653.900000
3556	3929643.400000
3560	3912561.900000
3564	3913028.950000
3568	3929400.100000
3572	3929508.500000
3576	3912104.800000
3580	3912659.000000
3584	3929257.900000
3588	3929392.250000
3592	3912284.900000
3596	3912335.750000
3600	3929596.900000
3604	3929759.600000
3608	3912696.350000
3612	3912686.500000
3616	3929100.300000
3620	3929063.400000
3624	3912165.750000
3628	3911721.750000
3632	3929032.400000
3636	3929145.250000
3640	3912337.250000
3644	3912574.800000
3648	3929563.950000
3652	3929119.900000
3656	3911972.550000
3660	3912602.600000
3664	3929444.300000
3668	3929050.000000
3672	3912669.300000
3676	3912701.700000
3680	3929207.800000
3684	3929686.950000
3688	3912113.050000
3692	3912802.650000
3696	3929402.000000
3700	3929240.900000
3704	3912810.450000
3708	3912279.750000
3712	3929198.400000
3716	3929444.650000
3720	3912764.550000
3724	3912685.450000
3728	3929208.700000
3732	3929324.400000
3736	3912591.500000
3740	3912751.100000
3744	3929083.050000
3748	3929749.700000
3752	3912521.150000
3756	3912667.900000
3760	3929478.100000
3764	3929137.750000
3768	3912800.250000
3772	3912234.350000
3776	3929069.100000
3780	3929513.850000
3784	3912736.700000
3788	3912911.050000
3792	3928532.200000
3796	3928820.500000
3800	3912354.850000
3804	3912124.550000
3808	3928868.400000
3812	3928954.500000
3816	3911899.300000
3820	3912560.850000
3824	3929402.100000
3828	3928506.150000
3832	3911492.450000
3836	3910732.100000
3840	3928997.050000
3844	3930069.150000
3848	3912928.550000
3852	3912637.750000
3856	3930351.250000
3860	3928697.150000
3864	3911481.500000
3868	3912905.050000
3872	3929698.950000
3876	3928983.900000
3880	3911207.500000
3884	3911960.300000
3888	3929213.650000
3892	3928803.650000
3896	3911919.450000
3900	3912671.750000
3904	3928970.400000
3908	3929427.200000
3912	3912496.450000
3916	3912740.150000
3920	3928985.650000
3924	3928881.950000
3928	3911635.050000
3932	3912492.000000
3936	3929943.200000
3940	3928700.350000
3944	3912196.750000
3948	3912721.100000
3952	3929033.800000
3956	3929648.200000
3960	3912161.050000
3964	3912600.550000
3968	3929389.900000
3972	3928984.350000
3976	3913246.550000
3980	3912923.350000
3984	3929040.550000
3988	3929065.800000
3992	3912385.100000
3996	3913212.150000
4000	3928976.800000
4004	3929901.250000
4008	3912851.400000
4012	3912652.450000
4016	3929956.350000
4020	3929442.650000
4024	3912846.450000
4028	3912656.150000
4032	3929425.550000
4036	3929309.800000
4040	3912724.900000
4044	3912641.250000
4048	3929132.000000
4052	3929254.900000
4056	3912424.000000
4060	3912539.100000
4064	3929114.150000
4068	3929258.600000
4072	3912609.500000
4076	3912193.600000
4080	3929065.900000
4084	3929350.550000
4088	3911691.500000
4092	3912883.150000
4096	3929314.900000
4100	3928979.300000
4104	3912681.150000
4108	3911412.000000
4112	3929069.150000
4116	3928558.200000
4120	3912348.350000
4124	3911753.950000
4128	3929131.450000
4132	3928843.400000
4136	3912124.100000
4140	3912311.950000
4144	3929366.400000
4148	3929418.900000
4152	3912401.300000
4156	3912081.550000
4160	3929118.150000
4164	3928787.500000
4168	3912382.550000
4172	3912062.550000
4176	3929048.350000
4180	3928666.950000
4184	3913139.150000
4188	3913039.000000
4192	3929353.200000
4196	3929063.750000
4200	3912927.400000
4204	3912720.500000
4208	3929233.500000
4212	3928491.100000
4216	3912559.750000
4220	3912598.750000
4224	3928883.100000
4228	3929385.750000
4232	3912667.900000
4236	3912107.850000
4240	3928793.650000
4244	3929129.850000
4248	3912578.650000
4252	3912374.800000
4256	3929274.500000
4260	3928964.000000
4264	3912150.400000
4268	3912872.250000
4272	3929011.750000
4276	3929873.900000
4280	3912205.900000
4284	3912775.750000
4288	3929797.250000
4292	3929442.050000
4296	3912337.000000
4300	3912673.600000
4304	3928963.350000
4308	3929120.800000
4312	3912392.150000
4316	3912503.300000
4320	3929253.750000
4324	3929747.900000
4328	3912169.100000
4332	3912886.600000
4336	3928633.600000
4340	3929933.100000
4344	3912488.250000
4348	3912073.300000
4352	3930728.250000
4356	3929135.450000
4360	3912278.500000
4364	3910982.750000
4368	3928557.100000
4372	3928589.150000
4376	3912888.400000
4380	3912938.150000
4384	3928468.100000
4388	3929602.550000
4392	3912369.250000
4396	3912809.250000
4400	3929111.950000
4404	3929190.950000
4408	3912564.600000
4412	3912032.300000
4416	3929357.600000
4420	3928965.900000
4424	3912574.200000
4428	3912388.100000
4432	3929317.100000
4436	3928668.300000
4440	3912419.050000
4444	3912430.300000
4448	3929553.400000
4452	3929506.850000
4456	3912920.950000
4460	3913451.350000
4464	3928808.150000
4468	3928636.650000
4472	3912533.850000
4476	3912428.400000
4480	3928730.450000
4484	3929584.900000
4488	3912368.550000
4492	3913516.150000
4496	3929444.000000
4500	3928754.300000
4504	3912429.500000
4508	3912343.400000
4512	3929449.500000
4516	3929070.050000
4520	3912142.250000
4524	3912339.350000
4528	3929481.900000
4532	3929193.950000
4536	3911391.200000
4540	3912590.200000
4544	3929547.050000
4548	3929110.300000
4552	3912195.200000
4556	3912487.550000
4560	3928789.600000
4564	3928882.750000
4568	3913174.350000
4572	3912339.950000
4576	3928841.650000
4580	3929716.400000
4584	3912246.250000
4588	3912166.250000
4592	3929235.150000
4596	3928668.150000
4600	3911967.200000
4604	3912229.600000
4608	3928924.800000
4612	3929161.250000
4616	3912445.550000
4620	3913121.600000
4624	3929476.350000
4628	3928937.050000
4632	3912587.400000
4636	3912459.350000
4640	3929228.850000
4644	3928826.400000
4648	3912494.300000
4652	3912802.500000
4656	3929230.800000
4660	3928689.600000
4664	3912305.500000
4668	3912010.450000
4672	3929858.350000
4676	3929320.600000
4680	3912301.250000
4684	3912076.200000
4688	3929303.250000
4692	3928435.000000
4696	3911990.900000
4700	3912270.100000
4704	3929419.750000
4708	3929343.450000
4712	3912557.850000
4716	3912740.500000
4720	3928505.550000
4724	3929242.550000
4728	3912258.400000
4732	3911655.650000
4736	3928966.300000
4740	3929061.100000
4744	3912336.050000
4748	3912077.750000
4752	3928632.000000
4756	3929215.900000
4760	3912516.950000
4764	3912264.800000
4768	3929053.550000
4772	3928929.050000
4776	3912633.000000
4780	3912239.750000
4784	3928725.350000
4788	3929147.750000
4792	3912120.900000
4796	3912338.900000
4800	3929040.050000
4804	3928671.950000
4808	3911475.600000
4812	3912531.450000
4816	3929167.300000
4820	3928800.950000
4824	3912324.550000
4828	3912208.300000
4832	3929442.800000
4836	3929272.450000
4840	3913003.750000
4844	3912588.250000
4848	3928662.700000
4852	3929350.700000
4856	3912767.850000
4860	3912398.450000
4864	3928665.200000
4868	3929016.800000
4872	3911852.050000
4876	3912469.700000
4880	3929273.250000
4884	3928737.800000
4888	3911718.700000
4892	3912447.450000
4896	3929544.050000
4900	3929265.750000
4904	3913084.250000
4908	3911970.150000
4912	3928930.100000
4916	3928832.850000
4920	3911974.050000
4924	3912266.250000
4928	3929165.200000
4932	3929532.850000
4936	3912618.650000
4940	3912485.350000
4944	3928997.900000
4948	3929895.400000
4952	3912785.650000
4956	3913294.000000
4960	3929395.100000
4964	3928911.050000
4968	3912721.300000
4972	3912552.350000
4976	3929481.800000
4980	3929594.000000
4984	3912348.050000
4988	3912547.900000
4992	3929386.500000
4996	3929338.600000
5000	3912586.100000
5004	3912351.600000
5008	3929319.200000
5012	3929343.000000
5016	3912574.750000
5020	3912841.900000
5024	3929055.100000
5028	3929509.100000
5032	3912295.700000
5036	3912445.350000
5040	3929519.550000
5044	3929656.800000
5048	3911653.300000
5052	3912957.600000
5056	3929539.000000
5060	3929085.150000
5064	3912222.600000
5068	3912924.600000
5072	3929129.850000
5076	3929577.150000
5080	3912774.100000
5084	3912657.900000
5088	3929091.250000
5092	3928952.700000
5096	3911924.000000
5100	3912042.800000
5104	3929459.800000
5108	3928788.150000
5112	3911724.200000
5116	3911979.100000
5120	3928987.550000
5124	3929207.700000
5128	3912292.950000
5132	3911470.200000
5136	3928930.850000
5140	3929000.300000
5144	3912758.450000
5148	3912638.300000
5152	3928724.050000
5156	3928895.400000
5160	3912211.850000
5164	3911859.100000
5168	3929474.950000
5172	3929252.700000
5176	3912245.050000
5180	3912400.800000
5184	3929413.700000
5188	3928731.700000
5192	3911937.100000
5196	3911775.050000
5200	3929309.750000
5204	3929399.700000
5208	3912591.800000
5212	3912235.150000
5216	3928900.500000
5220	3929000.200000
5224	3912769.700000
5228	3912076.900000
5232	3929005.750000
5236	3929416.950000
5240	3912379.750000
5244	3912516.200000
5248	3928951.550000
5252	3929462.450000
5256	3911747.250000
5260	3912430.200000
5264	3929713.050000
5268	3929536.000000
5272	3911970.950000
5276	3912656.500000
5280	3929235.150000
5284	3929639.400000
5288	3912504.450000
5292	3912572.800000
5296	3929322.700000
5300	3929879.200000
5304	3912039.750000
5308	3912684.800000
5312	3929600.750000
5316	3929421.500000
5320	3911855.100000
5324	3912561.250000
5328	3929386.950000
5332	3928879.350000
5336	3911810.650000
5340	3912641.700000
5344	3929744.000000
5348	3929430.000000
5352	3912851.100000
5356	3912483.700000
5360	3929002.900000
5364	3929142.600000
5368	3911950.250000
5372	3912245.600000
5376	3929218.550000
5380	3929625.050000
5384	3912000.700000
5388	3912396.150000
5392	3929296.600000
5396	3929106.450000
5400	3912392.850000
5404	3912326.850000
5408	3929467.450000
5412	3929466.050000
5416	3912759.550000
5420	3912785.400000
5424	3929352.350000
5428	3929161.500000
5432	3912339.150000
5436	3912614.700000
5440	3929206.500000
5444	3929041.200000
5448	3912384.900000
5452	3912387.950000
5456	3929359.550000
5460	3929075.350000
5464	3912397.750000
5468	3912475.300000
5472	3929435.900000
5476	3929030.750000
5480	3912821.800000
5484	3912262.400000
5488	3928928.200000
5492	3929232.950000
5496	3912545.750000
5500	3912304.850000
5504	3929349.900000
5508	3929003.300000
5512	3912393.550000
5516	3912421.600000
5520	3929270.150000
5524	3929029.150000
5528	3912598.100000
5532	3912100.650000
5536	3929079.750000
5540	3929030.250000
5544	3912547.050000
5548	3912202.350000
5552	3928678.250000
5556	3928904.600000
5560	3912583.750000
5564	3912488.900000
5568	3928750.650000
5572	3929304.150000
5576	3913153.450000
5580	3912668.800000
5584	3928781.250000
5588	3929549.500000
5592	3912977.100000
5596	3911851.900000
5600	3929191.900000
5604	3929381.300000
5608	3912227.250000
5612	3911656.950000
5616	3929388.750000
5620	3929568.150000
5624	3912020.450000
5628	3910984.150000
5632	3929344.500000
5636	3929015.300000
5640	3911622.400000
5644	3911103.200000
5648	3929554.100000
5652	3929375.550000
5656	3912197.450000
5660	3911894.250000
5664	3929732.750000
5668	3929235.200000
5672	3912859.750000
5676	3912128.050000
5680	3928907.350000
5684	3929289.200000
5688	3912639.150000
5692	3912186.650000
5696	3928727.650000
5700	3928919.000000
5704	3912142.850000
5708	3912689.800000
5712	3929673.650000
5716	3929197.050000
5720	3911760.550000
5724	3912184.700000
5728	3929670.550000
5732	3929720.450000
5736	3912791.400000
5740	3912783.200000
5744	3928832.150000
5748	3929717.550000
5752	3912730.900000
5756	3912418.600000
5760	3929097.000000
5764	3929591.800000
5768	3912534.200000
5772	3912817.550000
5776	3929055.400000
5780	3929581.150000
5784	3912996.100000
5788	3912562.050000
5792	3929153.400000
5796	3929551.600000
5800	3912472.900000
5804	3912691.250000
5808	3929638.100000
5812	3929507.400000
5816	3912204.300000
5820	3911952.750000
5824	3929367.600000
5828	3929422.800000
5832	3911987.700000
5836	3912224.100000
5840	3929418.450000
5844	3929234.100000
5848	3912764.500000
5852	3912984.250000
5856	3928860.750000
5860	3929860.050000
5864	3912182.450000
5868	3912231.300000
5872	3929504.300000
5876	3929141.700000
5880	3911842.350000
5884	3912351.700000
5888	3930099.150000
5892	3929208.600000
5896	3912946.750000
5900	3912419.150000
5904	3928858.300000
5908	3929075.350000
5912	3912800.550000
5916	3912347.200000
5920	3929225.900000
5924	3929614.250000
5928	3912521.350000
5932	3912681.900000
5936	3929294.500000
5940	3929145.600000
5944	3912453.800000
5948	3911883.300000
5952	3929126.400000
5956	3929452.650000
5960	3912210.050000
5964	3912954.750000
5968	3929132.000000
5972	3929128.150000
5976	3912982.650000
5980	3911922.850000
5984	3928689.400000
5988	3929613.850000
5992	3912031.050000
5996	3912435.500000
6000	3929710.300000
6004	3928748.600000
6008	3911973.250000
6012	3911818.800000
6016	3929102.600000
6020	3929052.000000
6024	3911784.250000
6028	3911867.300000
6032	3929432.650000
6036	3928544.150000
6040	3911764.600000
6044	3912609.100000
6048	3929518.650000
6052	3929273.600000
6056	3912745.250000
6060	3912812.350000
6064	3928707.350000
6068	3928953.900000
6072	3911948.250000
6076	3912602.000000
6080	3929147.800000
6084	3929272.400000
6088	3912039.350000
6092	3912166.700000
6096	3929332.700000
6100	3929581.150000
6104	3912484.350000
6108	3912792.600000
6112	3929257.450000
6116	3929255.800000
6120	3912510.200000
6124	3912691.800000
6128	3929142.800000
6132	3929456.400000
6136	3912451.350000
6140	3912770.900000
6144	3929152.250000
6148	3929577.400000
6152	3912863.950000
6156	3912949.350000
6160	3929184.000000
6164	3929129.350000
6168	3912711.450000
6172	3912036.350000
6176	3929671.650000
6180	3929692.950000
6184	3912774.350000
6188	3912895.900000
6192	3929607.800000
6196	3929201.150000
6200	3911989.550000
6204	3912584.950000
6208	3929568.900000
6212	3929326.700000
6216	3912454.300000
6220	3912631.350000
6224	3929125.550000
6228	3929151.000000
6232	3912801.650000
6236	3912620.950000
6240	3929206.500000
6244	3929488.100000
6248	3912401.300000
6252	3912475.050000
6256	3929495.350000
6260	3929076.500000
6264	3911889.700000
6268	3911618.600000
6272	3929368.750000
6276	3929511.050000
6280	3912026.050000
6284	3912306.900000
6288	3929366.650000
6292	3928812.000000
6296	3912169.250000
6300	3912376.850000
6304	3929697.300000
6308	3929754.400000
6312	3912788.600000
6316	3912788.450000
6320	3929524.650000
6324	3929514.650000
6328	3912572.300000
6332	3912946.350000
6336	3929385.150000
6340	3929457.950000
6344	3912470.750000
6348	3912612.700000
6352	3929495.400000
6356	3929245.000000
6360	3912512.250000
6364	3913065.200000
6368	3929190.150000
6372	3928670.750000
6376	3912402.850000
6380	3912827.050000
6384	3929409.150000
6388	3928681.150000
6392	3911679.750000
6396	3912595.750000
6400	3929646.600000
6404	3929325.150000
6408	3913106.900000
6412	3912110.700000
6416	3928879.800000
6420	3929338.700000
6424	3912866.400000
6428	3913144.600000
6432	3928701.600000
6436	3928751.000000
6440	3912108.300000
6444	3912465.250000
6448	3929393.950000
6452	3928651.800000
6456	3911596.800000
6460	3912571.500000
6464	3929083.800000
6468	3928874.900000
6472	3912472.750000
6476	3911885.550000
6480	3928887.650000
6484	3929916.350000
6488	3912586.800000
6492	3912301.950000
6496	3928926.250000
6500	3929266.500000
6504	3912349.950000
6508	3912136.550000
6512	3929180.650000
6516	3929206.300000
6520	3912263.600000
6524	3912077.300000
6528	3929059.700000
6532	3928911.950000
6536	3912095.550000
6540	3912242.450000
6544	3929401.900000
6548	3929319.200000
6552	3912284.900000
6556	3912448.150000
6560	3929400.200000
6564	3929223.350000
6568	3912821.100000
6572	3912081.200000
6576	3929432.350000
6580	3929100.000000
6584	3912357.100000
6588	3912070.800000
6592	3929248.000000
6596	3929388.950000
6600	3912403.200000
6604	3912599.050000
6608	3929396.850000
6612	3928778.450000
6616	3912596.550000
6620	3911935.200000
6624	3928977.750000
6628	3929436.850000
6632	3912589.900000
6636	3912562.200000
6640	3929463.900000
6644	3929095.750000
6648	3912448.500000
6652	3912000.900000
6656	3929365.300000
6660	3929184.200000
6664	3912130.650000
6668	3911741.000000
6672	3929135.700000
6676	3929297.400000
6680	3912062.450000
6684	3912475.700000
6688	3929335.700000
6692	3928799.800000
6696	3912724.500000
6700	3912541.150000
6704	3929257.900000
6708	3929159.800000
6712	3912491.050000
6716	3912784.750000
6720	3929172.800000
6724	3929080.000000
6728	3912381.150000
6732	3912310.000000
6736	3929466.250000
6740	3928830.050000
6744	3912782.450000
6748	3911715.150000
6752	3928503.450000
6756	3929316.300000
6760	3911779.700000
6764	3912768.750000
6768	3929625.150000
6772	3928906.050000
6776	3912972.600000
6780	3912106.950000
6784	3929104.400000
6788	3929535.700000
6792	3912323.600000
6796	3912327.600000
6800	3928934.900000
6804	3929282.100000
6808	3912196.950000
6812	3912630.700000
6816	3929491.600000
6820	3929039.000000
6824	3911810.550000
6828	3912092.750000
6832	3929160.800000
6836	3929398.500000
6840	3912759.500000
6844	3912626.200000
6848	3929236.600000
6852	3929198.900000
6856	3912421.000000
6860	3912582.850000
6864	3929549.700000
6868	3929460.250000
6872	3912526.950000
6876	3912626.100000
6880	3928957.100000
6884	3929721.350000
6888	3912487.800000
6892	3912558.650000
6896	3929327.650000
6900	3929093.700000
6904	3911758.750000
6908	3911988.550000
6912	3929134.550000
6916	3929144.500000
6920	3911636.850000
6924	3911996.100000
6928	3929383.700000
6932	3929089.900000
6936	3912280.000000
6940	3912689.500000
6944	3929510.050000
6948	3928849.800000
6952	3912591.050000
6956	3912412.550000
6960	3929207.150000
6964	3929581.300000
6968	3912119.700000
6972	3912726.350000
6976	3929278.150000
6980	3929487.850000
6984	3912515.650000
6988	3913258.200000
6992	3930071.650000
6996	3929120.450000
7000	3912801.050000
7004	3912080.600000
7008	3928788.450000
7012	3929620.650000
7016	3912377.850000
7020	3913019.100000
7024	3929557.450000
7028	3928785.650000
7032	3912245.500000
7036	3912291.150000
7040	3929121.850000
7044	3929175.900000
7048	3912752.050000
7052	3912689.950000
7056	3929351.550000
7060	3929321.050000
7064	3912606.600000
7068	3912555.200000
7072	3929447.600000
7076	3929567.650000
7080	3912187.050000
7084	3913108.500000
7088	3929191.900000
7092	3929817.300000
7096	3912079.200000
7100	3912786.350000
7104	3929342.200000
7108	3929272.700000
7112	3912389.950000
7116	3912872.400000
7120	3929743.550000
7124	3929479.850000
7128	3913147.500000
7132	3912211.500000
7136	3928964.250000
7140	3929719.150000
7144	3912540.500000
7148	3912435.200000
7152	3929286.250000
7156	3929343.050000
7160	3912229.200000
7164	3912212.350000
7168	3929185.850000
7172	3929212.500000
7176	3912408.950000
7180	3912265.100000
7184	3929147.750000
7188	3929116.150000
7192	3912487.400000
7196	3912724.400000
7200	3928903.150000
7204	3929068.850000
7208	3912163.200000
7212	3912895.400000
7216	3928867.600000
7220	3929255.800000
7224	3912500.650000
7228	3912583.750000
7232	3929358.850000
7236	3929149.600000
7240	3912668.250000
7244	3912372.350000
7248	3929314.450000
7252	3929016.550000
7256	3913090.400000
7260	3912168.350000
7264	3928667.100000
7268	3929629.450000
7272	3911989.200000
7276	3913109.950000
7280	3929737.500000
7284	3928616.550000
7288	3912975.250000
7292	3912001.350000
7296	3929044.100000
7300	3929750.700000
7304	3912274.050000
7308	3912837.250000
7312	3929344.700000
7316	3929081.750000
7320	3912695.850000
7324	3912375.500000
7328	3929161.200000
7332	3929242.200000
7336	3912429.650000
7340	3912574.250000
7344	3929166.100000
7348	3929076.700000
7352	3912452.800000
7356	3912825.850000
7360	3929138.000000
7364	3929511.650000
7368	3912254.000000
7372	3912421.000000
7376	3929357.250000
7380	3929350.750000
7384	3912424.400000
7388	3912649.000000
7392	3929077.950000
7396	3929451.550000
7400	3912660.700000
7404	3912716.150000
7408	3929458.900000
7412	3929103.350000
7416	3912290.500000
7420	3912327.800000
7424	3928965.000000
7428	3929121.700000
7432	3912279.650000
7436	3912436.250000
7440	3929008.200000
7444	3929102.050000
7448	3912622.000000
7452	3912703.700000
7456	3929056.300000
7460	3929235.400000
7464	3912307.850000
7468	3912320.650000
7472	3929103.050000
7476	3928931.750000
7480	3912507.750000
7484	3911716.950000
7488	3928930.000000
7492	3929280.100000
7496	3912178.100000
7500	3912195.600000
7504	3929081.500000
7508	3929104.000000
7512	3912288.800000
7516	3912517.750000
7520	3929246.000000
7524	3929513.450000
7528	3912491.600000
7532	3912847.700000
7536	3929614.600000
7540	3928832.200000
7544	3911770.100000
7548	3911766.150000
7552	3928649.850000
7556	3929071.950000
7560	3912367.100000
7564	3911959.550000
7568	3929138.150000
7572	3928963.400000
7576	3912781.400000
7580	3912588.250000
7584	3929046.700000
7588	3929209.750000
7592	3912478.900000
7596	3912143.150000
7600	3929124.000000
7604	3929334.350000
7608	3911920.150000
7612	3912140.700000
7616	3929488.400000
7620	3929117.150000
7624	3912571.550000
7628	3912583.350000
7632	3929402.300000
7636	3928954.100000
7640	3912575.550000
7644	3912187.550000
7648	3929174.100000
7652	3929480.600000
7656	3912431.550000
7660	3912576.250000
7664	3929295.200000
7668	3928888.100000
7672	3912465.000000
7676	3912393.700000
7680	3929283.500000
7684	3929144.150000
7688	3912573.950000
7692	3912727.150000
7696	3929121.100000
7700	3929531.000000
7704	3912655.300000
7708	3912810.400000
7712	3929314.850000
7716	3929154.800000
7720	3912638.050000
7724	3912760.950000
7728	3929413.650000
7732	3929544.050000
7736	3912293.350000
7740	3912306.500000
7744	3929406.050000
7748	3929133.550000
7752	3911901.650000
7756	3912107.350000
7760	3929245.150000
7764	3929252.350000
7768	3912019.850000
7772	3913053.850000
7776	3929664.550000
7780	3929297.500000
7784	3912304.350000
7788	3912688.350000
7792	3929448.300000
7796	3928662.800000
7800	3912297.050000
7804	3911768.250000
7808	3929296.900000
7812	3929246.400000
7816	3911966.100000
7820	3911778.500000
7824	3929167.200000
7828	3929334.700000
7832	3912452.750000
7836	3912731.800000
7840	3929767.550000
7844	3928867.300000
7848	3913056.500000
7852	3911993.350000
7856	3929564.500000
7860	3929130.300000
7864	3912523.800000
7868	3912269.100000
7872	3929314.450000
7876	3929548.300000
7880	3912612.950000
7884	3912537.750000
7888	3929090.400000
7892	3929404.000000
7896	3912561.450000
7900	3912899.050000
7904	3929635.900000
7908	3929074.300000
7912	3912575.600000
7916	3912507.250000
7920	3929317.950000
7924	3929269.450000
7928	3912182.500000
7932	3912305.200000
7936	3929297.800000
7940	3929354.500000
7944	3912144.700000
7948	3912429.000000
7952	3929419.600000
7956	3929579.650000
7960	3912458.150000
7964	3912535.550000
7968	3929338.000000
7972	3929160.650000
7976	3912543.600000
7980	3912143.350000
7984	3929286.950000
7988	3929603.550000
7992	3912225.700000
7996	3912339.650000
8000	3929406.650000
8004	3929250.350000
8008	3912376.050000
8012	3912285.200000
8016	3929315.450000
8020	3929400.050000
8024	3912738.800000
8028	3912652.150000
8032	3929614.550000
8036	3929227.500000
8040	3912826.750000
8044	3912696.900000
8048	3929210.050000
8052	3929384.000000
8056	3912744.550000
8060	3912726.550000
8064	3929130.050000
8068	3929321.700000
8072	3912549.000000
8076	3912653.550000
8080	3929449.200000
8084	3929346.800000
8088	3912959.350000
8092	3912509.800000
8096	3928981.500000
8100	3929437.600000
8104	3912498.950000
8108	3912579.700000
8112	3929312.650000
8116	3929037.700000
8120	3912271.800000
8124	3912743.100000
8128	3929432.750000
8132	3929197.550000
8136	3912326.850000
8140	3912571.700000
8144	3929273.750000
8148	3928913.500000
8152	3912722.200000
8156	3912170.200000
8160	3928999.500000
8164	3929833.050000
8168	3911979.650000
8172	3912320.600000
8176	3929444.400000
8180	3929076.500000
8184	3912082.050000
8188	3911068.050000
8192	3929055.750000
8196	3929204.150000
8200	3911501.400000
8204	3911960.250000
8208	3929057.000000
8212	3929080.750000
8216	3911390.000000
8220	3912767.600000
8224	3929568.350000
8228	3928540.300000
8232	3912804.450000
8236	3912145.200000
8240	3929139.700000
8244	3929169.650000
8248	3912489.500000
8252	3912009.850000
8256	3928774.450000
8260	3929442.900000
8264	3912141.700000
8268	3912430.350000
8272	3929114.800000
8276	3929404.950000
8280	3912347.450000
8284	3912657.850000
8288	3929571.750000
8292	3928918.250000
8296	3912656.250000
8300	3912437.950000
8304	3928922.400000
8308	3929189.150000
8312	3912032.750000
8316	3912455.850000
8320	3929142.050000
8324	3929274.900000
8328	3912517.450000
8332	3912576.800000
8336	3929254.750000
8340	3929126.350000
8344	3912675.850000
8348	3912401.500000
8352	3928881.100000
8356	3929186.000000
8360	3912220.950000
8364	3912528.600000
8368	3928937.050000
8372	3929464.050000
8376	3912254.200000
8380	3911858.100000
8384	3929192.450000
8388	3929127.650000
8392	3912111.000000
8396	3912131.300000
8400	3929341.100000
8404	3929151.450000
8408	3912636.750000
8412	3912625.750000
8416	3928858.950000
8420	3929157.850000
8424	3912298.450000
8428	3912395.750000
8432	3929245.500000
8436	3929193.500000
8440	3912258.350000
8444	3911967.250000
8448	3929159.950000
8452	3929046.650000
8456	3912195.100000
8460	3912232.200000
8464	3929296.150000
8468	3928986.450000
8472	3912381.950000
8476	3911955.450000
8480	3928771.300000
8484	3929216.050000
8488	3912065.700000
8492	3912145.650000
8496	3928837.600000
8500	3928858.350000
8504	3912537.600000
8508	3912378.650000
8512	3929305.800000
8516	3929462.950000
8520	3912161.250000
8524	3912730.450000
8528	3929392.300000
8532	3928875.250000
8536	3912446.250000
8540	3912064.750000
8544	3928841.100000
8548	3929409.200000
8552	3912014.900000
8556	3912047.750000
8560	3928999.350000
8564	3929219.900000
8568	3911863.700000
8572	3912038.100000
8576	3928987.650000
8580	3929385.550000
8584	3911864.800000
8588	3912263.700000
8592	3929291.200000
8596	3928890.400000
8600	3912366.800000
8604	3912427.600000
8608	3929311.700000
8612	3929326.550000
8616	3912356.700000
8620	3912256.150000
8624	3929271.250000
8628	3929069.250000
8632	3912119.650000
8636	3911674.500000
8640	3928912.050000
8644	3929145.050000
8648	3912216.700000
8652	3912691.650000
8656	3929503.750000
8660	3929264.100000
8664	3912317.250000
8668	3912419.650000
8672	3929399.550000
8676	3929464.550000
8680	3912486.350000
8684	3912454.550000
8688	3929361.550000
8692	3929301.000000
8696	3912250.100000
8700	3912510.600000
8704	3929390.550000
8708	3929139.200000
8712	3912622.300000
8716	3912435.600000
8720	3929038.650000
8724	3929155.100000
8728	3912331.000000
8732	3912297.750000
8736	3928993.550000
8740	3929162.300000
8744	3912166.200000
8748	3912771.850000
8752	3928944.650000
8756	3929343.750000
8760	3912341.750000
8764	3912216.700000
8768	3929323.200000
8772	3929259.850000
8776	3911998.900000
8780	3911916.650000
8784	3929253.950000
8788	3929044.100000
8792	3912388.050000
8796	3912245.750000
8800	3928817.550000
8804	3928853.100000
8808	3912063.350000
8812	3911885.700000
8816	3928715.700000
8820	3928985.800000
8824	3911922.100000
8828	3911885.700000
8832	3928673.700000
8836	3929396.000000
8840	3911759.550000
8844	3912540.050000
8848	3929270.150000
8852	3928920.600000
8856	3912573.900000
8860	3912359.800000
8864	3929041.550000
8868	3929209.550000
8872	3912534.050000
8876	3912296.350000
8880	3929349.300000
8884	3929046.600000
8888	3912232.500000
8892	3912119.800000
8896	3929119.200000
8900	3929459.800000
8904	3912338.200000
8908	3912895.800000
8912	3929409.150000
8916	3929453.000000
8920	3912541.350000
8924	3912552.850000
8928	3929489.750000
8932	3929212.300000
8936	3912800.550000
8940	3912403.750000
8944	3929118.800000
8948	3929184.250000
8952	3912912.100000
8956	3912653.800000
8960	3929210.450000
8964	3929250.050000
8968	3912506.850000
8972	3912562.500000
8976	3929616.250000
8980	3929074.400000
8984	3912778.850000
8988	3912754.000000
8992	3929402.450000
8996	3929676.750000
9000	3912477.250000
9004	3912658.800000
9008	3929190.150000
9012	3929368.650000
9016	3912548.850000
9020	3912393.350000
9024	3929367.750000
9028	3929424.000000
9032	3912096.400000
9036	3912507.550000
9040	3929321.550000
9044	3929138.300000
9048	3912779.550000
9052	3912212.400000
9056	3929177.250000
9060	3929493.300000
9064	3912502.850000
9068	3912614.500000
9072	3929394.400000
9076	3929421.150000
9080	3912853.550000
9084	3912578.500000
9088	3929265.200000
9092	3929451.700000
9096	3912369.150000
9100	3912915.150000
9104	3929508.400000
9108	3929147.800000
9112	3912445.250000
9116	3912151.600000
9120	3928845.650000
9124	3929523.250000
9128	3912011.650000
9132	3912491.300000
9136	3928869.200000
9140	3929650.350000
9144	3912141.100000
9148	3912375.400000
9152	3929066.550000
9156	3929159.750000
9160	3912478.050000
9164	3912737.200000
9168	3929222.300000
9172	3929014.550000
9176	3912533.000000
9180	3911788.850000
9184	3928849.950000
9188	3929496.050000
9192	3912482.150000
9196	3912504.150000
9200	3929404.050000
9204	3929190.300000
9208	3912133.450000
9212	3911895.250000
9216	3929231.650000
9220	3929279.300000
9224	3912415.500000
9228	3912352.300000
9232	3929313.550000
9236	3929007.450000
9240	3912667.900000
9244	3912301.050000
9248	3929304.200000
9252	3929631.950000
9256	3912422.650000
9260	3913091.600000
9264	3929170.950000
9268	3929424.900000
9272	3912820.400000
9276	3912434.200000
9280	3929115.750000
9284	3929335.350000
9288	3912190.850000
9292	3912246.050000
9296	3929170.950000
9300	3928960.750000
9304	3912512.400000
9308	3912550.550000
9312	3929203.050000
9316	3929407.600000
9320	3912297.550000
9324	3912601.100000
9328	3929251.000000
9332	3929004.700000
9336	3912234.350000
9340	3911925.600000
9344	3928836.850000
9348	3929244.800000
9352	3911991.800000
9356	3912883.550000
9360	3929666.200000
9364	3928819.050000
9368	3912892.550000
9372	3912324.900000
9376	3928959.450000
9380	3929420.850000
9384	3912084.600000
9388	3912511.450000
9392	3928853.500000
9396	3929198.100000
9400	3912137.900000
9404	3912535.350000
9408	3929381.000000
9412	3929185.750000
9416	3912142.200000
9420	3912040.700000
9424	3929447.750000
9428	3929283.150000
9432	3912810.950000
9436	3912653.200000
9440	3929306.250000
9444	3929437.150000
9448	3912231.550000
9452	3912636.350000
9456	3929256.050000
9460	3929104.900000
9464	3912525.950000
9468	3912045.050000
9472	3929344.600000
9476	3929248.600000
9480	3912249.150000
9484	3912466.250000
9488	3929079.300000
9492	3929177.400000
9496	3912277.200000
9500	3913070.400000
9504	3929433.300000
9508	3929200.950000
9512	3912695.200000
9516	3912450.700000
9520	3929048.550000
9524	3929225.150000
9528	3912485.100000
9532	3912299.750000
9536	3929209.150000
9540	3928923.000000
9544	3912217.300000
9548	3912122.250000
9552	3929000.850000
9556	3929340.950000
9560	3912059.650000
9564	3912488.500000
9568	3929250.250000
9572	3929177.500000
9576	3912079.000000
9580	3912408.350000
9584	3929466.050000
9588	3929353.900000
9592	3912659.550000
9596	3912306.900000
9600	3929116.150000
9604	3929340.700000
9608	3912495.000000
9612	3912601.050000
9616	3929568.850000
9620	3929217.400000
9624	3913111.900000
9628	3912187.350000
9632	3929034.600000
9636	3929523.350000
9640	3912184.850000
9644	3912298.050000
9648	3928965.650000
9652	3929324.350000
9656	3912159.900000
9660	3912531.000000
9664	3929173.450000
9668	3929522.000000
9672	3912245.450000
9676	3912141.400000
9680	3929225.700000
9684	3929381.050000
9688	3912219.300000
9692	3912499.750000
9696	3929483.100000
9700	3929161.650000
9704	3912613.500000
9708	3912587.100000
9712	3929379.400000
9716	3929284.350000
9720	3912441.000000
9724	3912140.150000
9728	3929156.600000
9732	3929255.850000
9736	3912247.400000
9740	3912215.100000
9744	3929050.250000
9748	3929023.050000
9752	3912843.850000
9756	3912341.200000
9760	3929084.850000
9764	3929370.800000
9768	3912454.900000
9772	3912396.350000
9776	3929078.250000
9780	3929283.700000
9784	3911825.900000
9788	3912358.850000
9792	3929663.050000
9796	3929063.050000
9800	3912264.750000
9804	3911959.350000
9808	3929056.150000
9812	3929587.650000
9816	3912395.100000
9820	3912796.700000
9824	3929418.950000
9828	3929086.900000
9832	3912825.100000
9836	3912392.100000
9840	3929525.050000
9844	3929137.400000
9848	3912478.950000
9852	3912277.400000
9856	3929034.750000
9860	3929216.450000
9864	3911727.700000
9868	3912469.150000
9872	3929513.300000
9876	3928867.950000
9880	3912591.300000
9884	3912558.850000
9888	3929471.500000
9892	3929352.500000
9896	3912593.650000
9900	3912473.950000
9904	3929454.300000
9908	3929344.950000
9912	3912653.800000
9916	3912660.500000
9920	3929576.100000
9924	3929344.950000
9928	3912781.800000
9932	3912579.450000
9936	3929239.300000
9940	3929066.950000
9944	3912184.150000
9948	3912391.500000
9952	3929255.500000
9956	3929394.150000
9960	3912178.950000
9964	3912698.100000
9968	3929692.650000
9972	3929125.650000
9976	3912889.800000
9980	3912421.250000
9984	3929077.050000
9988	3929749.000000
9992	3912115.450000
9996	3913063.100000
10000	3929895.150000
10004	3929035.300000
10008	3912725.550000
10012	3912451.650000
10016	3929291.800000
10020	3929272.650000
10024	3912504.150000
10028	3912404.650000
10032	3929563.050000
10036	3929222.750000
10040	3912407.500000
10044	3912052.750000
10048	3929313.850000
10052	3929315.150000
10056	3912393.800000
10060	3912281.200000
10064	3929159.650000
10068	3929404.950000
10072	3912437.500000
10076	3912505.600000
10080	3929403.750000
10084	3929124.200000
10088	3912531.250000
10092	3912349.450000
10096	3929032.500000
10100	3929203.400000
10104	3912205.800000
10108	3912609.300000
10112	3929426.300000
10116	3929310.250000
10120	3912481.400000
10124	3912499.600000
10128	3929510.950000
10132	3929171.100000
10136	3912459.200000
10140	3912649.000000
10144	3929247.850000
10148	3929058.600000
10152	3912320.300000
10156	3912648.350000
10160	3929188.250000
10164	3929352.900000
10168	3912073.600000
10172	3912591.550000
10176	3929584.550000
10180	3929177.700000
10184	3912488.250000
10188	3912497.350000
10192	3929178.450000
10196	3929558.050000
10200	3912295.750000
10204	3912586.100000
10208	3929409.450000
10212	3929335.250000
10216	3912518.800000
10220	3912273.450000
10224	3929130.550000
10228	3929291.500000
10232	3911463.700000
10236	3911332.850000
10240	3929196.550000
10244	3929099.300000
10248	3911603.400000
10252	3911750.850000
10256	3929375.900000
10260	3929316.250000
10264	3912409.200000
10268	3912426.450000
10272	3929347.150000
10276	3929312.550000
10280	3912539.950000
10284	3912517.200000
10288	3929089.900000
10292	3929233.500000
10296	3912557.200000
10300	3912501.700000
10304	3929188.800000
10308	3929562.250000
10312	3912271.500000
10316	3912460.200000
10320	3929293.550000
10324	3929191.000000
10328	3912417.850000
10332	3912496.150000
10336	3928988.800000
10340	3929258.200000
10344	3912250.150000
10348	3912326.000000
10352	3929073.100000
10356	3929206.900000
10360	3912331.750000
10364	3912420.900000
10368	3929046.450000
10372	3929043.100000
10376	3912628.450000
10380	3912195.250000
10384	3928985.200000
10388	3929147.300000
10392	3912354.200000
10396	3912291.900000
10400	3929354.950000
10404	3929183.200000
10408	3912374.900000
10412	3912111.250000
10416	3929257.950000
10420	3929098.900000
10424	3912417.000000
10428	3912475.950000
10432	3929187.350000
10436	3929110.250000
10440	3912104.800000
10444	3912487.450000
10448	3929404.650000
10452	3929286.800000
10456	3912950.200000
10460	3912462.550000
10464	3929185.350000
10468	3929821.950000
10472	3912059.750000
10476	3912552.800000
10480	3929310.000000
10484	3929112.600000
10488	3912821.200000
10492	3912419.650000
10496	3929036.850000
10500	3929400.100000
10504	3912449.700000
10508	3912526.300000
10512	3929503.800000
10516	3929373.100000
10520	3912507.250000
10524	3912415.500000
10528	3929082.450000
10532	3929138.750000
10536	3912365.350000
10540	3912482.850000
10544	3929419.450000
10548	3929480.150000
10552	3912482.550000
10556	3912383.200000
10560	3929414.100000
10564	3929137.600000
10568	3912821.500000
10572	3912587.250000
10576	3929423.550000
10580	3929465.300000
10584	3912407.700000
10588	3912612.200000
10592	3929267.600000
10596	3929235.100000
10600	3912645.650000
10604	3912304.950000
10608	3929196.050000
10612	3929186.500000
10616	3912469.150000
10620	3912364.250000
10624	3929129.950000
10628	3929568.550000
10632	3912961.950000
10636	3912740.600000
10640	3929509.850000
10644	3929204.300000
10648	3912657.450000
10652	3912309.950000
10656	3929095.300000
10660	3929577.750000
10664	3912186.200000
10668	3912609.450000
10672	3929101.550000
10676	3929282.450000
10680	3912125.550000
10684	3912117.500000
10688	3929300.000000
10692	3929202.350000
10696	3912232.850000
10700	3912192.050000
10704	3929065.700000
10708	3929384.100000
10712	3912217.300000
10716	3912758.750000
10720	3929253.150000
10724	3929169.900000
10728	3912563.500000
10732	3912431.900000
10736	3928753.650000
10740	3929077.650000
10744	3912381.750000
10748	3912422.050000
10752	3929211.600000
10756	3929370.150000
10760	3912565.800000
10764	3912344.750000
10768	3929132.100000
10772	3929159.000000
10776	3912362.900000
10780	3912205.550000
10784	3928972.450000
10788	3929386.350000
10792	3912271.100000
10796	3912775.700000
10800	3928981.650000
10804	3929319.400000
10808	3912190.350000
10812	3912607.050000
10816	3929316.950000
10820	3928861.450000
10824	3912211.800000
10828	3911954.900000
10832	3928828.650000
10836	3929301.750000
10840	3911994.150000
10844	3912492.650000
10848	3929385.100000
10852	3928752.750000
10856	3912261.700000
10860	3911777.750000
10864	3928927.350000
10868	3929161.050000
10872	3911761.350000
10876	3911681.750000
10880	3929311.600000
10884	3929111.950000
10888	3911930.150000
10892	3912271.250000
10896	3929233.200000
10900	3929124.700000
10904	3912402.400000
10908	3912298.200000
10912	3929171.200000
10916	3929255.300000
10920	3912227.500000
10924	3912504.250000
10928	3929054.450000
10932	3929273.150000
10936	3912023.150000
10940	3912163.050000
10944	3929128.950000
10948	3929239.800000
10952	3912116.500000
10956	3912404.150000
10960	3929492.750000
10964	3929174.200000
10968	3912616.500000
10972	3912643.200000
10976	3929148.200000
10980	3929250.350000
10984	3912351.150000
10988	3912702.000000
10992	3929333.300000
10996	3929170.350000
11000	3912805.300000
11004	3912479.500000
11008	3928867.900000
11012	3929467.850000
11016	3912424.000000
11020	3912847.450000
11024	3929184.650000
11028	3929224.500000
11032	3912610.500000
11036	3912699.150000
11040	3929276.000000
11044	3928928.250000
11048	3912289.400000
11052	3912406.000000
11056	3929236.750000
11060	3929223.700000
11064	3912212.750000
11068	3912426.000000
11072	3929431.700000
11076	3928956.750000
11080	3912712.950000
11084	3912552.900000
11088	3929161.700000
11092	3929258.450000
11096	3912201.000000
11100	3912310.650000
11104	3929060.850000
11108	3929095.650000
11112	3912295.100000
11116	3912294.400000
11120	3929081.600000
11124	3929221.900000
11128	3912426.600000
11132	3912568.550000
11136	3929186.950000
11140	3929187.350000
11144	3912117.100000
11148	3912267.400000
11152	3929332.400000
11156	3928968.350000
11160	3912433.000000
11164	3912525.650000
11168	3929094.050000
11172	3929361.000000
11176	3911742.950000
11180	3912445.100000
11184	3928924.650000
11188	3929350.200000
11192	3911971.450000
11196	3912182.950000
11200	3929133.750000
11204	3929183.200000
11208	3912419.000000
11212	3912648.950000
11216	3929202.200000
11220	3929122.150000
11224	3912568.500000
11228	3911900.500000
11232	3929117.700000
11236	3929747.350000
11240	3912438.100000
11244	3912567.050000
11248	3929314.350000
11252	3929070.550000
11256	3912202.150000
11260	3912024.150000
11264	3929096.550000
11268	3929041.350000
11272	3912343.550000
11276	3912479.900000
11280	3929411.750000
11284	3928907.000000
11288	3912795.650000
11292	3911921.650000
11296	3928749.700000
11300	3929044.850000
11304	3911878.950000
11308	3912282.500000
11312	3928824.600000
11316	3929206.900000
11320	3912329.450000
11324	3911994.350000
11328	3928934.250000
11332	3928947.900000
11336	3911893.600000
11340	3912019.500000
11344	3928952.800000
11348	3928948.500000
11352	3912339.050000
11356	3912310.550000
11360	3928859.550000
11364	3929686.450000
11368	3912272.550000
11372	3912328.200000
11376	3929246.500000
11380	3928981.550000
11384	3912411.550000
11388	3912363.700000
11392	3929046.100000
11396	3929410.000000
11400	3912549.950000
11404	3912694.850000
11408	3929264.750000
11412	3929248.150000
11416	3912230.300000
11420	3912457.700000
11424	3929152.250000
11428	3929228.950000
11432	3912737.100000
11436	3912183.750000
11440	3928962.800000
11444	3929072.100000
11448	3912211.700000
11452	3912319.550000
11456	3929107.450000
11460	3929487.500000
11464	3912072.250000
11468	3912213.750000
11472	3929103.800000
11476	3929002.750000
11480	3912141.400000
11484	3912313.100000
11488	3928927.100000
11492	3929111.300000
11496	3912433.400000
11500	3912680.200000
11504	3929495.800000
11508	3929251.600000
11512	3912305.400000
11516	3911949.000000
11520	3929402.900000
11524	3929366.200000
11528	3912205.350000
11532	3912381.450000
11536	3929185.400000
11540	3929396.550000
11544	3912758.450000
11548	3912145.400000
11552	3928728.750000
11556	3929502.750000
11560	3912174.850000
11564	3912859.000000
11568	3928841.300000
11572	3929638.300000
11576	3911965.200000
11580	3912415.800000
11584	3929509.750000
11588	3929243.700000
11592	3912888.950000
11596	3912213.450000
11600	3929038.150000
11604	3929127.100000
11608	3912474.050000
11612	3912193.150000
11616	3929152.250000
11620	3929308.950000
11624	3912548.800000
11628	3912457.550000
11632	3929417.550000
11636	3929137.250000
11640	3912457.150000
11644	3912299.000000
11648	3929270.850000
11652	3928933.550000
11656	3912474.100000
11660	3912174.300000
11664	3928659.100000
11668	3928924.450000
11672	3912233.400000
11676	3912358.600000
11680	3929191.600000
11684	3928860.300000
11688	3912141.050000
11692	3912073.050000
11696	3929065.750000
11700	3928744.000000
11704	3912200.150000
11708	3911944.200000
11712	3929259.400000
11716	3929381.700000
11720	3912548.800000
11724	3912359.050000
11728	3929257.400000
11732	3929772.350000
11736	3912537.950000
11740	3912516.700000
11744	3929559.850000
11748	3929198.600000
11752	3912680.250000
11756	3912472.600000
11760	3929373.050000
11764	3929070.450000
11768	3911848.750000
11772	3911946.200000
11776	3929501.250000
11780	3929484.350000
11784	3912095.800000
11788	3912178.050000
11792	3928893.150000
11796	3929186.250000
11800	3912258.150000
11804	3911970.550000
11808	3929028.600000
11812	3929130.950000
11816	3912411.350000
11820	3912367.700000
11824	3929229.300000
11828	3929152.200000
11832	3912351.400000
11836	3912564.850000
11840	3929341.800000
11844	3929134.350000
11848	3912220.800000
11852	3912363.200000
11856	3929154.550000
11860	3929087.000000
11864	3912584.500000
11868	3912085.200000
11872	3928725.300000
11876	3929247.050000
11880	3912279.550000
11884	3911909.550000
11888	3928626.250000
11892	3928910.150000
11896	3911944.800000
11900	3912097.550000
11904	3928934.150000
11908	3929032.850000
11912	3912238.550000
11916	3912319.600000
11920	3929288.000000
11924	3929374.450000
11928	3912600.800000
11932	3912434.150000
11936	3929276.400000
11940	3929492.850000
11944	3912268.250000
11948	3912099.050000
11952	3928941.500000
11956	3929540.750000
11960	3911771.900000
11964	3911718.600000
11968	3929328.050000
11972	3929248.800000
11976	3911829.750000
11980	3912235.800000
11984	3929142.400000
11988	3929209.900000
11992	3912458.850000
11996	3912174.950000
12000	3929229.700000
12004	3929109.300000
12008	3912524.600000
12012	3912233.600000
12016	3928700.900000
12020	3929119.050000
12024	3912193.650000
12028	3912343.650000
12032	3928961.450000
12036	3928849.550000
12040	3912605.050000
12044	3911984.250000
12048	3928887.400000
12052	3929171.100000
12056	3911798.900000
12060	3912332.900000
12064	3929090.500000
12068	3929195.000000
12072	3912676.950000
12076	3911960.650000
12080	3929273.900000
12084	3929011.600000
12088	3912393.300000
12092	3912053.550000
12096	3928807.100000
12100	3929244.100000
12104	3912209.350000
12108	3912565.400000
12112	3928991.850000
12116	3929087.450000
12120	3912435.050000
12124	3912250.350000
12128	3929194.150000
12132	3929305.200000
12136	3912444.200000
12140	3912092.750000
12144	3929079.650000
12148	3929296.000000
12152	3911552.700000
12156	3911669.150000
12160	3929454.400000
12164	3929095.150000
12168	3911676.500000
12172	3911625.100000
12176	3928926.500000
12180	3929318.650000
12184	3911978.200000
12188	3912341.250000
12192	3929158.600000
12196	3929138.350000
12200	3912204.600000
12204	3912128.200000
12208	3929198.350000
12212	3928957.350000
12216	3912113.750000
12220	3911327.050000
12224	3928802.850000
12228	3928947.900000
12232	3911748.900000
12236	3912165.400000
12240	3929253.000000
12244	3929090.450000
12248	3912058.550000
12252	3912304.000000
12256	3929219.700000
12260	3929259.800000
12264	3912597.550000
12268	3912342.800000
12272	3929239.200000
12276	3929396.850000
12280	3912366.950000
12284	3912367.300000
12288	3929144.150000
12292	3929156.650000
12296	3912284.850000
12300	3912255.050000
12304	3929041.050000
12308	3929099.400000
12312	3912513.100000
12316	3912262.050000
12320	3929060.000000
12324	3929253.700000
12328	3912854.850000
12332	3912405.750000
12336	3929798.200000
12340	3929212.600000
12344	3911877.450000
12348	3912102.000000
12352	3929141.600000
12356	3929180.000000
12360	3911710.300000
12364	3913436.900000
12368	3929180.300000
12372	3930607.250000
12376	3912346.750000
12380	3911726.350000
12384	3928870.900000
12388	3929490.700000
12392	3912441.250000
12396	3912140.900000
12400	3930019.350000
12404	3928847.950000
12408	3911561.000000
12412	3911494.700000
12416	3929150.300000
12420	3929762.400000
12424	3911588.800000
12428	3913016.150000
12432	3929103.600000
12436	3930136.550000
12440	3912665.050000
12444	3912067.450000
12448	3929412.750000
12452	3929069.050000
12456	3912854.250000
12460	3911886.200000
12464	3930483.000000
12468	3929218.350000
12472	3912386.500000
12476	3912989.800000
12480	3929012.650000
12484	3929156.350000
12488	3911922.450000
12492	3912635.200000
12496	3928874.500000
12500	3928843.450000
12504	3912823.850000
12508	3911928.100000
12512	3929015.200000
12516	3930237.350000
12520	3913449.550000
12524	3913178.900000
12528	3929446.000000
12532	3930157.050000
12536	3913979.450000
12540	3912331.550000
12544	3929187.550000
12548	3929436.150000
12552	3912535.000000
12556	3913066.700000
12560	3929789.400000
12564	3928918.550000
12568	3912597.950000
12572	3912646.050000
12576	3930431.900000
12580	3929457.850000
12584	3912015.300000
12588	3913240.050000
12592	3929042.600000
12596	3929432.050000
12600	3912458.450000
12604	3912802.300000
12608	3929448.450000
12612	3930512.750000
12616	3913168.000000
12620	3912193.650000
12624	3929509.500000
12628	3929439.050000
12632	3912657.500000
12636	3913441.550000
12640	3929445.050000
12644	3929751.900000
12648	3912434.450000
12652	3912416.550000
12656	3929063.800000
12660	3929346.850000
12664	3912491.250000
12668	3913414.800000
12672	3929310.850000
12676	3930131.850000
12680	3912377.450000
12684	3912735.850000
12688	3929928.600000
12692	3929208.300000
12696	3912798.750000
12700	3913955.150000
12704	3930056.650000
12708	3929734.400000
12712	3912826.450000
12716	3912723.950000
12720	3929812.450000
12724	3930454.850000
12728	3913622.050000
12732	3912916.850000
12736	3929908.050000
12740	3929799.800000
12744	3913269.250000
12748	3913537.300000
12752	3930020.700000
12756	3929824.950000
12760	3913484.900000
12764	3914046.250000
12768	3930873.000000
12772	3929205.600000
12776	3912484.450000
12780	3913691.250000
12784	3931163.050000
12788	3929455.750000
12792	3912449.200000
12796	3913095.450000
12800	3930084.250000
12804	3930314.850000
12808	3912627.550000
12812	3913960.400000
12816	3930143.600000
12820	3930845.600000
12824	3913037.450000
12828	3912824.800000
12832	3929350.800000
12836	3929808.850000
12840	3914621.850000
12844	3913713.950000
12848	3930222.250000
12852	3930170.400000
12856	3912815.250000
12860	3913067.500000
12864	3930536.400000
12868	3930750.400000
12872	3913103.150000
12876	3913647.800000
12880	3929557.850000
12884	3931162.550000
12888	3914352.200000
12892	3913123.250000
12896	3930315.950000
12900	3930437.450000
12904	3913822.100000
12908	3912938.850000
12912	3930977.150000
12916	3929684.250000
12920	3913060.600000
12924	3913533.900000
12928	3930110.450000
12932	3929379.800000
12936	3913317.900000
12940	3914395.200000
12944	3930943.350000
12948	3931341.350000
12952	3914515.350000
12956	3912718.900000
12960	3930485.400000
12964	3930616.000000
12968	3914410.500000
12972	3912859.600000
12976	3931034.250000
12980	3931326.250000
12984	3912924.750000
12988	3915408.200000
12992	3930607.350000
12996	3929985.350000
13000	3914036.050000
13004	3913948.950000
13008	3930527.300000
13012	3930485.150000
13016	3913619.200000
13020	3912932.750000
13024	3929463.150000
13028	3930334.550000
13032	3914001.450000
13036	3914095.150000
13040	3929423.900000
13044	3930297.050000
13048	3913727.950000
13052	3913662.750000
13056	3930902.800000
13060	3931444.000000
13064	3913016.700000
13068	3914204.050000
13072	3930167.950000
13076	3930085.850000
13080	3914359.400000
13084	3913787.300000
13088	3932050.400000
13092	3932221.950000
13096	3913747.250000
13100	3913570.500000
13104	3930108.450000
13108	3933781.950000
13112	3934052.100000
13116	3948841.600000
13120	3976570.050000
13124	3989043.600000
13128	3991772.000000
13132	4000026.600000
13136	4026157.750000
13140	4038882.150000
13144	4034795.450000
13148	4037530.900000
13152	4057644.550000
13156	4063705.950000
13160	4065081.050000
13164	4055764.200000
13168	4079851.250000
13172	4082505.950000
13176	4091767.900000
13180	4072903.400000
13184	4106388.850000
13188	4095945.000000
13192	4101456.700000
13196	4089199.000000
13200	4109777.500000
13204	4122447.800000
13208	4116531.100000
13212	4112327.950000
13216	4127517.700000
13220	4116630.500000
13224	4134999.750000
13228	4106348.550000
13232	4146311.050000
13236	4130444.150000
13240	4155282.350000
13244	4116203.250000
13248	4158294.350000
13252	4142148.100000
13256	4158494.750000
13260	4122952.700000
13264	4161613.550000
13268	4137175.250000
13272	4183154.250000
13276	4130809.600000
13280	4160384.750000
13284	4151779.400000
13288	4190998.550000
13292	4145431.900000
13296	4158469.000000
13300	4143902.550000
13304	4195914.400000
13308	4136553.350000
13312	4136034.350000
13316	4131947.150000
13320	4208920.150000
13324	4150824.300000
13328	4129204.850000
13332	4173019.450000
13336	4211775.050000
13340	4184178.700000
13344	4183813.350000
13348	4122591.600000
13352	4217984.650000
13356	4114629.100000
13360	4177436.600000
13364	4128121.800000
13368	4225094.050000
13372	4120248.750000
13376	4194682.150000
13380	4158654.650000
13384	4235162.600000
13388	4124904.250000
13392	4174291.400000
13396	4142368.400000
13400	4230925.950000
13404	4130543.600000
13408	4221366.700000
13412	4148608.650000
13416	4241567.800000
13420	4135981.450000
13424	4209757.650000
13428	4175383.900000
13432	4223656.200000
13436	4144056.500000
13440	4251598.200000
13444	4258392.650000
13448	4204839.450000
13452	4211967.400000
13456	4221245.900000
13460	4236884.200000
13464	4264114.400000
13468	4226538.450000
13472	4247955.550000
13476	4236676.600000
13480	4256319.700000
13484	4229060.150000
13488	4184803.400000
13492	4259646.350000
13496	4219559.350000
13500	4246503.200000
13504	4236730.700000
13508	4268913.150000
13512	4225942.550000
13516	4262252.050000
13520	4254100.050000
13524	4301129.650000
13528	4277525.750000
13532	4300023.650000
13536	4291404.650000
13540	4305065.300000
13544	4339259.900000
13548	4342402.050000
13552	4363512.600000
13556	4356896.400000
13560	4351025.400000
13564	4371357.100000
13568	4325402.350000
13572	4416251.350000
13576	4360438.750000
13580	4391365.850000
13584	4381082.150000
13588	4394389.800000
13592	4378153.700000
13596	4367952.400000
13600	4348745.150000
13604	4429426.100000
13608	4377097.150000
13612	4394098.000000
13616	4400350.850000
13620	4438095.050000
13624	4398773.850000
13628	4419411.950000
13632	4364050.000000
13636	4447354.100000
13640	4346426.150000
13644	4429510.500000
13648	4417840.700000
13652	4442454.050000
13656	4356979.350000
13660	4418197.200000
13664	4410512.350000
13668	4453744.100000
13672	4384170.250000
13676	4459051.150000
13680	4442425.600000
13684	4440553.350000
13688	4419846.000000
13692	4435961.600000
13696	4435862.300000
13700	4474097.700000
13704	4436883.250000
13708	4486420.150000
13712	4462164.150000
13716	4505918.100000
13720	4416744.850000
13724	4437101.650000
13728	4456502.900000
13732	4480720.800000
13736	4475343.000000
13740	4458954.350000
13744	4439585.050000
13748	4477048.900000
13752	4448430.250000
13756	4466568.850000
13760	4483437.350000
13764	4479607.750000
13768	4483269.950000
13772	4456183.800000
13776	4521665.550000
13780	4489299.000000
13784	4516957.750000
13788	4501998.250000
13792	4535467.050000
13796	4483129.700000
13800	4481206.250000
13804	4491842.800000
13808	4490700.300000
13812	4504122.700000
13816	4433130.450000
13820	4488292.850000
13824	4521545.650000
13828	4518847.700000
13832	4466093.750000
13836	4492568.600000
13840	4507875.650000
13844	4541791.400000
13848	4486316.800000
13852	4494793.200000
13856	4521666.700000
13860	4533594.450000
13864	4437216.550000
13868	4517434.350000
13872	4523947.450000
13876	4527048.900000
13880	4473188.650000
13884	4528043.900000
13888	4526515.950000
13892	4558269.850000
13896	4464786.950000
13900	4552033.650000
13904	4549558.650000
13908	4593926.600000
13912	4545894.500000
13916	4566858.650000
13920	4556206.700000
13924	4578703.700000
13928	4569654.650000
13932	4584672.050000
13936	4577313.000000
13940	4578598.250000
13944	4569618.650000
13948	4601834.700000
13952	4628002.800000
13956	4622694.700000
13960	4630539.950000
13964	4622595.050000
13968	4630075.750000
13972	4609555.250000
13976	4621027.650000
13980	4672674.800000
13984	4609623.900000
13988	4662619.500000
13992	4555712.200000
13996	4646875.450000
14000	4520217.800000
14004	4639747.950000
14008	4588112.750000
14012	4629112.300000
14016	4650103.450000
14020	4641272.150000
14024	4572907.200000
14028	4605427.750000
14032	4649077.050000
14036	4656893.500000
14040	4573360.700000
14044	4623170.150000
14048	4642125.100000
14052	4625948.450000
14056	4592554.950000
14060	4639290.200000
14064	4605874.800000
14068	4639742.300000
14072	4599162.500000
14076	4684549.650000
14080	4649694.300000
14084	4696292.800000
14088	4621941.550000
14092	4684380.350000
14096	4662059.400000
14100	4676763.750000
14104	4583974.050000
14108	4709886.150000
14112	4672820.900000
14116	4742745.700000
14120	4581625.250000
14124	4669045.150000
14128	4630251.800000
14132	4713425.500000
14136	4606447.000000
14140	4695430.900000
14144	4734024.100000
14148	4650845.800000
14152	4636636.000000
14156	4651892.900000
14160	4658242.650000
14164	4635527.900000
14168	4625063.500000
14172	4628998.650000
14176	4717013.300000
14180	4644879.850000
14184	4621914.400000
14188	4613140.500000
14192	4635293.050000
14196	4622136.750000
14200	4591302.750000
14204	4661154.600000
14208	4662356.700000
14212	4591851.600000
14216	4622888.800000
14220	4600243.400000
14224	4669975.500000
14228	4609435.750000
14232	4614093.550000
14236	4641469.650000
14240	4656255.800000
14244	4647876.850000
14248	4696754.150000
14252	4664381.150000
14256	4624272.500000
14260	4651460.750000
14264	4710133.000000
14268	4660127.000000
14272	4666862.000000
14276	4684833.500000
14280	4754193.650000
14284	4692643.750000
14288	4683176.200000
14292	4757348.300000
14296	4741908.150000
14300	4739241.550000
14304	4732389.150000
14308	4709857.100000
14312	4799758.450000
14316	4679101.050000
14320	4749957.150000
14324	4691049.350000
14328	4797637.950000
14332	4678382.450000
14336	4745499.400000
14340	4713355.700000
14344	4781885.350000
14348	4692074.100000
14352	4728932.700000
14356	4715487.350000
14360	4822512.050000
14364	4712718.850000
14368	4776931.000000
14372	4710951.650000
14376	4781570.550000
14380	4716984.450000
14384	4765234.400000
14388	4735314.150000
14392	4795708.100000
14396	4721818.050000
14400	4805926.700000
14404	4781875.000000
14408	4784606.050000
14412	4729349.600000
14416	4736719.800000
14420	4776439.000000
14424	4723560.000000
14428	4788649.800000
14432	4776199.100000
14436	4808930.800000
14440	4768099.100000
14444	4860255.800000
14448	4797992.600000
14452	4828262.650000
14456	4745903.400000
14460	4801474.850000
14464	4821318.200000
14468	4825759.700000
14472	4767538.550000
14476	4863203.450000
14480	4881404.200000
14484	4877803.850000
14488	4752515.750000
14492	4879603.600000
14496	4864144.300000
14500	4864489.200000
14504	4766189.900000
14508	4850357.500000
14512	4822204.150000
14516	4878589.200000
14520	4816130.600000
14524	4843337.600000
14528	4801998.100000
14532	4867038.850000
14536	4839004.000000
14540	4814658.250000
14544	4801940.700000
14548	4919923.850000
14552	4825598.200000
14556	4883516.300000
14560	4816054.300000
14564	4863588.050000
14568	4807930.500000
14572	4863022.100000
14576	4830746.250000
14580	4930609.350000
14584	4795220.850000
14588	4894923.500000
14592	4884748.350000
14596	4844976.350000
14600	4798681.350000
14604	4861207.550000
14608	4877862.500000
14612	4855330.750000
14616	4802024.500000
14620	4848464.350000
14624	4920507.400000
14628	4932141.300000
14632	4800260.350000
14636	4848424.750000
14640	4763024.000000
14644	4846247.350000
14648	4817904.150000
14652	4850046.900000
14656	4803473.300000
14660	4851376.400000
14664	4821393.650000
14668	4839161.650000
14672	4767170.850000
14676	4855774.000000
14680	4775744.650000
14684	4898611.800000
14688	4859012.200000
14692	4766366.500000
14696	4764140.200000
14700	4847182.400000
14704	4812247.700000
14708	4861385.150000
14712	4735716.700000
14716	4848596.600000
14720	4860951.400000
14724	4788285.850000
14728	4815735.700000
14732	4783328.900000
14736	4849886.850000
14740	4797192.850000
14744	4764221.350000
14748	4809607.650000
14752	4855999.450000
14756	4857114.300000
14760	4900239.650000
14764	4912636.150000
14768	4766869.500000
14772	4842462.600000
14776	4818312.000000
14780	4832862.600000
14784	4859903.050000
14788	4916003.250000
14792	4895526.000000
14796	4911617.000000
14800	4891366.700000
14804	4844894.200000
14808	4816573.950000
14812	4900917.600000
14816	4960764.550000
14820	4909248.200000
14824	4822328.550000
14828	4885745.300000
14832	4777859.050000
14836	4872212.800000
14840	4898029.550000
14844	4908963.650000
14848	4933528.950000
14852	4890200.400000
14856	4819551.350000
14860	4901687.400000
14864	4918388.250000
14868	4916433.850000
14872	4933015.400000
14876	4902788.250000
14880	4877325.500000
14884	4836770.650000
14888	4927448.800000
14892	4902699.150000
14896	4838716.250000
14900	4925844.600000
14904	4922569.750000
14908	4848204.900000
14912	4922249.550000
14916	4922405.550000
14920	4856761.300000
14924	4831287.700000
14928	4916600.800000
14932	4841203.400000
14936	4839428.550000
14940	4838696.950000
14944	5004698.050000
14948	4932342.600000
14952	4919718.950000
14956	4844884.950000
14960	4841670.450000
14964	4931240.050000
14968	4912907.200000
14972	4848048.600000
14976	4896634.100000
14980	4926565.300000
14984	4903541.950000
14988	4927865.700000
14992	5004636.000000
14996	4934704.950000
15000	4947098.350000
15004	4936822.300000
15008	5094277.550000
15012	4927759.750000
15016	4858021.250000
15020	4915222.200000
15024	4923951.000000
15028	4925379.850000
15032	4999602.800000
15036	4919601.850000
15040	5011150.750000
15044	5052208.350000
15048	4925701.900000
15052	4936183.650000
15056	5017691.400000
15060	4862226.600000
15064	4940764.800000
15068	4936906.000000
15072	5017890.950000
15076	5013741.250000
15080	5002789.650000
15084	5010616.400000
15088	4834962.800000
15092	4938921.450000
15096	5010425.450000
15100	4929156.050000
15104	5011530.500000
15108	4873028.850000
15112	4932694.800000
15116	4929649.650000
15120	4933896.300000
15124	5029371.700000
15128	4936889.600000
15132	5015222.850000
15136	4945909.950000
15140	5026902.850000
15144	5035097.700000
15148	5016778.250000
15152	5024091.500000
15156	5027827.950000
15160	5124722.750000
15164	5010385.100000
15168	5035317.050000
15172	5026712.650000
15176	5126698.550000
15180	4939498.100000
15184	4975835.900000
15188	5024267.800000
15192	5234316.300000
15196	5017716.450000
15200	5053906.950000
15204	5025363.150000
15208	5140077.850000
15212	5042201.800000
15216	5218780.250000
15220	5118449.500000
15224	5221197.500000
15228	5107951.750000
15232	5037052.950000
15236	5119610.500000
15240	5292046.750000
15244	5108894.250000
15248	5056525.400000
15252	5126910.450000
15256	5203356.650000
15260	5110402.250000
15264	5063926.000000
15268	5129344.200000
15272	5209038.750000
15276	5021242.300000
15280	5217812.750000
15284	5072797.700000
15288	5122157.900000
15292	5130181.250000
15296	5140505.150000
15300	5155474.750000
15304	5174883.400000
15308	5074462.450000
15312	5181415.400000
15316	5067960.250000
15320	5165042.400000
15324	5161156.550000
15328	5206067.800000
15332	5167927.750000
15336	5137167.200000
15340	5150775.400000
15344	5159634.150000
15348	5138493.000000
15352	5210602.400000
15356	5134453.300000
15360	5137474.800000
15364	5138997.150000
15368	5124498.150000
15372	5113091.000000
15376	5133826.250000
15380	5119744.450000
15384	5221918.800000
15388	5130802.900000
15392	5173727.600000
15396	5238239.700000
15400	5316960.500000
15404	5145615.750000
15408	5225094.800000
15412	5178565.200000
15416	5244493.800000
15420	5308010.450000
15424	5249436.950000
15428	5253166.900000
15432	5326347.600000
15436	5312453.350000
15440	5192237.450000
15444	5242066.400000
15448	5228443.200000
15452	5223319.400000
15456	5306673.050000
15460	5223883.000000
15464	5228272.300000
15468	5233772.200000
15472	5279099.000000
15476	5170862.300000
15480	5174855.700000
15484	5271774.400000
15488	5239520.300000
15492	5432048.800000
15496	5238849.400000
15500	5435155.200000
15504	5237343.750000
15508	5270577.650000
15512	5240525.950000
15516	5314849.800000
15520	5227879.850000
15524	5204146.700000
15528	5339752.700000
15532	5280784.750000
15536	5251475.900000
15540	5254315.200000
15544	5217446.300000
15548	5265138.950000
15552	5318871.500000
15556	5146458.200000
15560	5336297.450000
15564	5260134.050000
15568	5331422.850000
15572	5215522.050000
15576	5272554.850000
15580	5294304.200000
15584	5346014.050000
15588	5308887.600000
15592	5351165.350000
15596	5230949.150000
15600	5364866.200000
15604	5226022.000000
15608	5375601.150000
15612	5311541.850000
15616	5369387.950000
15620	5243363.250000
15624	5472438.550000
15628	5268239.000000
15632	5374059.350000
15636	5386891.950000
15640	5384325.150000
15644	5273370.400000
15648	5448783.500000
15652	5291187.750000
15656	5348448.100000
15660	5284590.250000
15664	5418113.150000
15668	5289443.300000
15672	5435502.350000
15676	5314393.100000
15680	5509591.450000
15684	5318580.350000
15688	5491906.000000
15692	5321459.850000
15696	5606865.950000
15700	5293074.450000
15704	5447435.600000
15708	5354021.850000
15712	5418701.100000
15716	5349925.750000
15720	5442514.000000
15724	5358656.350000
15728	5347969.800000
15732	5391804.100000
15736	5425522.200000
15740	5498592.550000
15744	5434476.550000
15748	5389415.200000
15752	5494828.050000
15756	5362220.200000
15760	5371210.850000
15764	5403752.300000
15768	5492566.600000
15772	5355089.100000
15776	5500807.950000
15780	5399345.250000
15784	5479170.100000
15788	5389574.900000
15792	5477468.400000
15796	5625757.550000
15800	5463320.350000
15804	5486099.950000
15808	5508341.400000
15812	5432911.600000
15816	5562951.650000
15820	5497290.400000
15824	5573082.350000
15828	5457004.550000
15832	5705805.350000
15836	5447174.100000
15840	5388163.800000
15844	5459812.800000
15848	5381725.500000
15852	5450689.750000
15856	5506387.700000
15860	5410679.650000
15864	5573972.450000
15868	5417449.300000
15872	5535450.100000
15876	5678700.450000
15880	5582943.950000
15884	5559811.200000
15888	5716258.450000
15892	5690321.550000
15896	5894987.050000
15900	5685827.750000
15904	5544681.100000
15908	5634905.050000
15912	5701755.000000
15916	5371899.000000
15920	5409035.750000
15924	5381793.600000
15928	5690275.800000
15932	5359635.850000
15936	5520244.700000
15940	5434182.250000
15944	5702152.150000
15948	5422968.650000
15952	5895283.450000
15956	5442115.350000
15960	5715370.300000
15964	5431909.850000
15968	5551573.600000
15972	5709535.600000
15976	5709979.700000
15980	5893587.400000
15984	5740787.650000
15988	6191804.450000
15992	5714219.500000
15996	5946261.550000
16000	5744710.000000
16004	6212144.900000
16008	5714965.550000
16012	5657557.050000
16016	6186776.800000
16020	5672476.600000
16024	5610982.400000
16028	5664004.800000
16032	5668706.050000
16036	5687941.900000
16040	5626078.850000
16044	5702170.250000
16048	5928880.600000
16052	5691719.900000
16056	5751264.750000
16060	5702621.750000
16064	5441952.650000
16068	6033047.000000
16072	5756908.600000
16076	5747671.950000
16080	5760089.250000
16084	5960390.150000
16088	5834736.600000
16092	6090448.100000
16096	5648752.600000
16100	6286604.800000
16104	5966261.800000
16108	6030048.400000
16112	6016323.600000
16116	6287833.500000
16120	6311807.550000
16124	6018841.450000
16128	6205615.800000
16132	6246127.300000
16136	5975265.600000
16140	6297370.300000
16144	6043288.050000
16148	6047213.650000
16152	5722500.450000
16156	6786793.700000
16160	5997924.550000
16164	6250420.150000
16168	5982283.750000
16172	6244161.550000
16176	5971523.300000
16180	6242438.700000
16184	5982533.300000
16188	7245235.850000
16192	5991107.500000
16196	6492198.900000
16200	5708141.850000
16204	7263054.600000
16208	5440698.050000
16212	6411414.550000
16216	5544354.550000
16220	6441851.900000
16224	6360862.450000
16228	6420652.550000
16232	5513665.300000
16236	7263162.550000
16240	5346205.200000
16244	6415438.600000
16248	5334772.950000
16252	7266003.200000
16256	6475395.150000
16260	6424112.950000
16264	5331834.550000
16268	6494119.350000
16272	5926350.850000
16276	6494292.950000
16280	5327444.550000
16284	6523020.300000
16288	5928121.700000
16292	6549405.550000
16296	5325334.800000
16300	6583338.700000
16304	5333374.750000
16308	6520134.300000
16312	5323404.450000
16316	6563150.700000
16320	6410422.100000
16324	6028441.650000
16328	5325080.850000
16332	6025291.300000
16336	6605889.600000
16340	6063259.100000
16344	5324686.150000
16348	6072218.950000
16352	6561996.000000
16356	6048614.350000
16360	5230366.650000
16364	6030717.050000
16368	5239019.150000
16372	6024819.100000
16376	5324773.600000
16380	6095821.100000

real	0m13.782s
user	0m8.734s
sys	0m4.940s
